{
  "RSpec": {
    "coverage": {
      "/Users/vannguyen/Dropbox/launchacademy/breakable_toy/ruby_flash/spec/support/authentication_helper.rb": [
        1,
        1,
        11,
        11,
        11,
        11,
        null,
        null,
        1,
        0,
        0,
        null,
        null,
        null
      ],
      "/Users/vannguyen/Dropbox/launchacademy/breakable_toy/ruby_flash/spec/features/member_updates_card_spec.rb": [
        1,
        null,
        1,
        null,
        null,
        null,
        null,
        null,
        null,
        null,
        null,
        null,
        null,
        null,
        null,
        null,
        null,
        null,
        null,
        null,
        3,
        null,
        1,
        2,
        null,
        null,
        1,
        1,
        1,
        1,
        null,
        1,
        1,
        1,
        1,
        1,
        null,
        null,
        1,
        1,
        1,
        1,
        null,
        1,
        1,
        1,
        1,
        1,
        null,
        null,
        null
      ],
      "/Users/vannguyen/Dropbox/launchacademy/breakable_toy/ruby_flash/spec/features/user_creates_group_spec.rb": [
        1,
        null,
        1,
        null,
        null,
        null,
        null,
        null,
        null,
        null,
        null,
        null,
        null,
        null,
        null,
        null,
        null,
        3,
        null,
        1,
        2,
        null,
        null,
        1,
        1,
        1,
        1,
        null,
        1,
        null,
        1,
        1,
        1,
        null,
        1,
        null,
        1,
        1,
        1,
        1,
        1,
        null,
        null,
        1,
        null,
        1,
        1,
        1,
        1,
        1,
        null,
        null,
        null,
        null
      ],
      "/Users/vannguyen/Dropbox/launchacademy/breakable_toy/ruby_flash/spec/features/user_joins_group_spec.rb": [
        1,
        null,
        null,
        1,
        null,
        null,
        null,
        null,
        null,
        null,
        null,
        null,
        null,
        null,
        null,
        null,
        3,
        3,
        1,
        null,
        1,
        2,
        null,
        null,
        1,
        1,
        1,
        null,
        1,
        1,
        1,
        null,
        null,
        1,
        1,
        1,
        null,
        1,
        1,
        1,
        1,
        null,
        null,
        null,
        null,
        null
      ],
      "/Users/vannguyen/Dropbox/launchacademy/breakable_toy/ruby_flash/spec/features/user_searches_groups_spec.rb": [
        1,
        null,
        1,
        null,
        null,
        null,
        null,
        null,
        null,
        null,
        null,
        null,
        null,
        null,
        null,
        null,
        2,
        1,
        2,
        null,
        1,
        1,
        null,
        null,
        1,
        1,
        1,
        null,
        1,
        1,
        1,
        1,
        1,
        1,
        null,
        null,
        null
      ],
      "/Users/vannguyen/Dropbox/launchacademy/breakable_toy/ruby_flash/spec/features/user_searches_topics_spec.rb": [
        1,
        null,
        1,
        null,
        null,
        null,
        null,
        null,
        null,
        null,
        null,
        null,
        null,
        null,
        null,
        null,
        2,
        2,
        2,
        2,
        null,
        1,
        1,
        null,
        null,
        1,
        1,
        1,
        1,
        null,
        1,
        1,
        1,
        1,
        1,
        1,
        null,
        1,
        null,
        null,
        null
      ],
      "/Users/vannguyen/Dropbox/launchacademy/breakable_toy/ruby_flash/spec/features/user_signs_in_spec.rb": [
        1,
        null,
        1,
        null,
        null,
        null,
        null,
        null,
        null,
        null,
        null,
        null,
        null,
        null,
        null,
        null,
        null,
        null,
        1,
        1,
        1,
        1,
        1,
        1,
        1,
        null,
        1,
        1,
        null,
        null,
        1,
        1,
        1,
        1,
        1,
        1,
        null,
        1,
        null,
        null,
        1,
        1,
        1,
        1,
        1,
        1,
        1,
        null,
        1,
        1,
        null,
        null,
        1,
        1,
        1,
        1,
        1,
        1,
        null,
        1,
        1,
        null,
        1,
        null,
        1,
        null,
        null,
        null
      ],
      "/Users/vannguyen/Dropbox/launchacademy/breakable_toy/ruby_flash/spec/features/user_signs_out_spec.rb": [
        1,
        null,
        1,
        null,
        null,
        null,
        null,
        null,
        null,
        null,
        null,
        null,
        null,
        2,
        null,
        1,
        1,
        null,
        null,
        1,
        1,
        1,
        1,
        1,
        null,
        null,
        null
      ],
      "/Users/vannguyen/Dropbox/launchacademy/breakable_toy/ruby_flash/spec/features/user_signs_up_spec.rb": [
        1,
        null,
        1,
        null,
        null,
        null,
        null,
        null,
        null,
        null,
        null,
        null,
        null,
        null,
        null,
        1,
        null,
        null,
        1,
        1,
        1,
        1,
        1,
        1,
        1,
        1,
        null,
        1,
        1,
        null,
        null,
        null,
        1,
        1,
        1,
        1,
        null,
        1,
        1,
        null,
        null,
        1,
        1,
        1,
        null,
        1,
        1,
        null,
        1,
        null,
        1,
        1,
        null,
        null,
        null,
        null
      ],
      "/Users/vannguyen/Dropbox/launchacademy/breakable_toy/ruby_flash/spec/mailers/new_group_confirmation_spec.rb": [
        1,
        null,
        1,
        1,
        null,
        1,
        1,
        1,
        1,
        null,
        null,
        null,
        null,
        null
      ],
      "/Users/vannguyen/Dropbox/launchacademy/breakable_toy/ruby_flash/app/mailers/new_group_confirmation.rb": [
        1,
        1,
        null,
        null,
        null,
        null,
        null,
        null,
        1,
        2,
        null,
        2,
        null,
        2,
        null,
        null,
        null
      ],
      "/Users/vannguyen/Dropbox/launchacademy/breakable_toy/ruby_flash/spec/models/card_spec.rb": [
        1,
        null,
        1,
        null,
        2,
        2,
        null,
        2,
        2,
        null,
        2,
        2,
        null,
        2,
        2,
        null,
        2,
        2,
        null,
        null
      ],
      "/Users/vannguyen/Dropbox/launchacademy/breakable_toy/ruby_flash/app/models/card.rb": [
        1,
        null,
        1,
        1,
        1,
        1,
        1,
        null,
        1,
        1,
        1,
        1,
        null,
        1,
        22,
        null,
        null,
        1,
        4,
        0,
        null,
        null,
        null,
        1,
        null,
        1,
        0,
        0,
        0,
        0,
        0,
        0,
        0,
        0,
        null,
        0,
        null,
        null,
        0,
        null,
        null,
        null,
        null,
        1,
        0,
        null,
        null,
        1,
        0,
        null,
        null,
        null,
        null
      ],
      "/Users/vannguyen/Dropbox/launchacademy/breakable_toy/ruby_flash/spec/models/group_spec.rb": [
        1,
        null,
        1,
        null,
        null,
        2,
        2,
        null,
        null,
        2,
        2,
        null,
        null
      ],
      "/Users/vannguyen/Dropbox/launchacademy/breakable_toy/ruby_flash/app/models/group.rb": [
        1,
        1,
        1,
        1,
        null,
        1,
        null,
        1,
        3,
        2,
        2,
        null,
        1,
        null,
        null,
        null,
        1,
        1,
        null,
        null,
        1,
        null,
        1,
        8,
        1,
        null,
        7,
        null,
        null,
        null,
        null,
        null
      ],
      "/Users/vannguyen/Dropbox/launchacademy/breakable_toy/ruby_flash/spec/models/membership_spec.rb": [
        1,
        null,
        1,
        null,
        2,
        null,
        null,
        2,
        null,
        null,
        null,
        null,
        2,
        2,
        null
      ],
      "/Users/vannguyen/Dropbox/launchacademy/breakable_toy/ruby_flash/app/models/membership.rb": [
        1,
        1,
        1,
        null,
        1,
        1,
        null,
        null
      ],
      "/Users/vannguyen/Dropbox/launchacademy/breakable_toy/ruby_flash/spec/models/tagging_spec.rb": [
        1,
        null,
        1,
        null,
        2,
        2,
        null,
        null
      ],
      "/Users/vannguyen/Dropbox/launchacademy/breakable_toy/ruby_flash/app/models/tagging.rb": [
        1,
        1,
        1,
        null,
        null
      ],
      "/Users/vannguyen/Dropbox/launchacademy/breakable_toy/ruby_flash/spec/models/topic_spec.rb": [
        1,
        null,
        1,
        null,
        2,
        2,
        null,
        1,
        1,
        1,
        null,
        1,
        1,
        null,
        null,
        null,
        2,
        2,
        null
      ],
      "/Users/vannguyen/Dropbox/launchacademy/breakable_toy/ruby_flash/app/models/topic.rb": [
        1,
        1,
        1,
        1,
        null,
        1,
        1,
        null,
        1,
        null,
        1,
        1,
        0,
        null,
        1,
        null,
        null,
        null,
        null
      ],
      "/Users/vannguyen/Dropbox/launchacademy/breakable_toy/ruby_flash/spec/models/user_spec.rb": [
        1,
        null,
        1,
        null,
        null,
        2,
        2,
        null,
        2,
        2,
        null,
        2,
        2,
        null,
        2,
        2,
        2,
        null,
        2,
        2,
        null,
        1,
        1,
        1,
        null,
        1,
        1,
        null,
        null,
        1,
        1,
        1,
        1,
        null,
        1,
        1,
        null,
        null,
        null,
        null,
        2,
        null
      ],
      "/Users/vannguyen/Dropbox/launchacademy/breakable_toy/ruby_flash/app/controllers/application_controller.rb": [
        1,
        1,
        null,
        null,
        1,
        null,
        1,
        null,
        1,
        42,
        null,
        null,
        null
      ],
      "/Users/vannguyen/Dropbox/launchacademy/breakable_toy/ruby_flash/app/controllers/welcome_controller.rb": [
        1,
        null,
        1,
        null,
        null,
        null,
        1,
        0,
        null,
        null,
        null
      ],
      "/Users/vannguyen/Dropbox/launchacademy/breakable_toy/ruby_flash/app/controllers/groups_controller.rb": [
        1,
        1,
        1,
        null,
        1,
        1,
        null,
        null,
        1,
        5,
        5,
        null,
        null,
        1,
        2,
        2,
        2,
        1,
        null,
        1,
        null,
        null,
        null,
        1,
        8,
        null,
        null,
        1,
        null,
        null,
        null,
        1,
        0,
        null,
        null,
        1,
        0,
        0,
        0,
        null,
        null,
        null,
        1,
        0,
        0,
        0,
        0,
        null,
        0,
        null,
        null,
        0,
        null,
        null,
        null,
        1,
        null,
        1,
        8,
        null,
        null,
        1,
        2,
        null,
        null,
        1,
        8,
        null,
        null,
        1,
        8,
        null,
        null,
        null
      ],
      "/Users/vannguyen/Dropbox/launchacademy/breakable_toy/ruby_flash/app/controllers/cards_controller.rb": [
        1,
        1,
        1,
        null,
        1,
        0,
        null,
        null,
        1,
        0,
        null,
        null,
        1,
        2,
        2,
        2,
        1,
        null,
        1,
        null,
        null,
        null,
        1,
        null,
        null,
        null,
        1,
        2,
        2,
        1,
        null,
        1,
        null,
        null,
        null,
        1,
        null,
        null,
        null,
        1,
        null,
        1,
        5,
        null,
        null,
        1,
        4,
        null,
        null,
        null
      ],
      "/Users/vannguyen/Dropbox/launchacademy/breakable_toy/ruby_flash/app/controllers/memberships_controller.rb": [
        1,
        null,
        1,
        1,
        1,
        1,
        null,
        null,
        1,
        0,
        0,
        0,
        null,
        null,
        1,
        null,
        1,
        0,
        null,
        null,
        null
      ],
      "/Users/vannguyen/Dropbox/launchacademy/breakable_toy/ruby_flash/app/controllers/topics_controller.rb": [
        1,
        1,
        1,
        null,
        1,
        1,
        null,
        null,
        1,
        0,
        null,
        null,
        1,
        1,
        1,
        null,
        null,
        1,
        null,
        1,
        1,
        null,
        null,
        1,
        1,
        null,
        null,
        null
      ],
      "/Users/vannguyen/Dropbox/launchacademy/breakable_toy/ruby_flash/app/controllers/my_groups_controller.rb": [
        1,
        1,
        null,
        1,
        0,
        null,
        null,
        1,
        1,
        1,
        null,
        null,
        null
      ]
    },
    "timestamp": 1390775686
  }
}
